# JRE version: OpenJDK Runtime Environment Microsoft-11933218 (21.0.8+9) (build 21.0.8+9-LTS)
# Java VM: OpenJDK 64-Bit Server VM Microsoft-11933218 (21.0.8+9-LTS, mixed mode, sharing, tiered, compressed oops, compressed class ptrs, g1 gc, windows-amd64)
GC Precious Log:
 CardTable entry size: 512
 Card Set container configuration: InlinePtr #cards 5 size 8 Array Of Cards #cards 12 size 40 Howl #buckets 4 coarsen threshold 1843 Howl Bitmap #cards 512 size 80 coarsen threshold 460 Card regions per heap region 1 cards per card region 2048
 CPUs: 16 total, 16 available
 Memory: 16088M
 Large Page Support: Disabled
 NUMA Support: Disabled
 Compressed Oops: Enabled (32-bit)
 Heap Region Size: 1M
 Heap Min Capacity: 8M
 Heap Initial Capacity: 252M
 Heap Max Capacity: 1G
 Pre-touch: Disabled
 Parallel Workers: 13
 Concurrent Workers: 3
 Concurrent Refinement Workers: 13
 Periodic GC: Disabled
Heap:
 garbage-first heap   total 416768K, used 319481K [0x00000000c0000000, 0x0000000100000000)
  region size 1024K, 3 young (3072K), 3 survivors (3072K)
 Metaspace       used 13161K, committed 13568K, reserved 1114112K
  class space    used 1674K, committed 1856K, reserved 1048576K
GC Heap History (20 events):
Event: 1.252 GC heap after
{Heap after GC invocations=3 (full 0):
 garbage-first heap   total 258048K, used 56320K [0x00000000c0000000, 0x0000000100000000)
  region size 1024K, 19 young (19456K), 19 survivors (19456K)
 Metaspace       used 5808K, committed 6016K, reserved 1114112K
  class space    used 644K, committed 768K, reserved 1048576K
}
Event: 1.502 GC heap before
{Heap before GC invocations=3 (full 0):
 garbage-first heap   total 258048K, used 108544K [0x00000000c0000000, 0x0000000100000000)
  region size 1024K, 70 young (71680K), 19 survivors (19456K)
 Metaspace       used 7485K, committed 7744K, reserved 1114112K
  class space    used 888K, committed 1024K, reserved 1048576K
}
Event: 1.516 GC heap after
{Heap after GC invocations=4 (full 0):
 garbage-first heap   total 258048K, used 71298K [0x00000000c0000000, 0x0000000100000000)
  region size 1024K, 9 young (9216K), 9 survivors (9216K)
 Metaspace       used 7485K, committed 7744K, reserved 1114112K
  class space    used 888K, committed 1024K, reserved 1048576K
}
Event: 1.740 GC heap before
{Heap before GC invocations=4 (full 0):
 garbage-first heap   total 258048K, used 140930K [0x00000000c0000000, 0x0000000100000000)
  region size 1024K, 78 young (79872K), 9 survivors (9216K)
 Metaspace       used 7711K, committed 7936K, reserved 1114112K
  class space    used 918K, committed 1024K, reserved 1048576K
}
Event: 1.762 GC heap after
{Heap after GC invocations=5 (full 0):
 garbage-first heap   total 258048K, used 89600K [0x00000000c0000000, 0x0000000100000000)
  region size 1024K, 10 young (10240K), 10 survivors (10240K)
 Metaspace       used 7711K, committed 7936K, reserved 1114112K
  class space    used 918K, committed 1024K, reserved 1048576K
}
Event: 1.910 GC heap before
{Heap before GC invocations=5 (full 0):
 garbage-first heap   total 258048K, used 167424K [0x00000000c0000000, 0x0000000100000000)
  region size 1024K, 83 young (84992K), 10 survivors (10240K)
 Metaspace       used 7737K, committed 7936K, reserved 1114112K
  class space    used 921K, committed 1024K, reserved 1048576K
}
Event: 1.940 GC heap after
{Heap after GC invocations=6 (full 0):
 garbage-first heap   total 258048K, used 111616K [0x00000000c0000000, 0x0000000100000000)
  region size 1024K, 11 young (11264K), 11 survivors (11264K)
 Metaspace       used 7737K, committed 7936K, reserved 1114112K
  class space    used 921K, committed 1024K, reserved 1048576K
}
Event: 2.015 GC heap before
{Heap before GC invocations=6 (full 0):
 garbage-first heap   total 258048K, used 184320K [0x00000000c0000000, 0x0000000100000000)
  region size 1024K, 82 young (83968K), 11 survivors (11264K)
 Metaspace       used 7738K, committed 7936K, reserved 1114112K
  class space    used 921K, committed 1024K, reserved 1048576K
}
Event: 2.042 GC heap after
{Heap after GC invocations=7 (full 0):
 garbage-first heap   total 258048K, used 129536K [0x00000000c0000000, 0x0000000100000000)
  region size 1024K, 11 young (11264K), 11 survivors (11264K)
 Metaspace       used 7738K, committed 7936K, reserved 1114112K
  class space    used 921K, committed 1024K, reserved 1048576K
}
Event: 2.082 GC heap before
{Heap before GC invocations=7 (full 0):
 garbage-first heap   total 258048K, used 171520K [0x00000000c0000000, 0x0000000100000000)
  region size 1024K, 53 young (54272K), 11 survivors (11264K)
 Metaspace       used 7741K, committed 7936K, reserved 1114112K
  class space    used 921K, committed 1024K, reserved 1048576K
}
Event: 2.104 GC heap after
{Heap after GC invocations=8 (full 0):
 garbage-first heap   total 416768K, used 142708K [0x00000000c0000000, 0x0000000100000000)
  region size 1024K, 12 young (12288K), 12 survivors (12288K)
 Metaspace       used 7741K, committed 7936K, reserved 1114112K
  class space    used 921K, committed 1024K, reserved 1048576K
}
Event: 2.819 GC heap before
{Heap before GC invocations=8 (full 0):
 garbage-first heap   total 416768K, used 315764K [0x00000000c0000000, 0x0000000100000000)
  region size 1024K, 181 young (185344K), 12 survivors (12288K)
 Metaspace       used 10332K, committed 10624K, reserved 1114112K
  class space    used 1323K, committed 1472K, reserved 1048576K
}
Event: 2.845 GC heap after
{Heap after GC invocations=9 (full 0):
 garbage-first heap   total 416768K, used 178688K [0x00000000c0000000, 0x0000000100000000)
  region size 1024K, 23 young (23552K), 23 survivors (23552K)
 Metaspace       used 10332K, committed 10624K, reserved 1114112K
  class space    used 1323K, committed 1472K, reserved 1048576K
}
Event: 3.008 GC heap before
{Heap before GC invocations=9 (full 0):
 garbage-first heap   total 416768K, used 331264K [0x00000000c0000000, 0x0000000100000000)
  region size 1024K, 171 young (175104K), 23 survivors (23552K)
 Metaspace       used 10477K, committed 10752K, reserved 1114112K
  class space    used 1324K, committed 1472K, reserved 1048576K
}
Event: 3.039 GC heap after
{Heap after GC invocations=10 (full 0):
 garbage-first heap   total 416768K, used 213504K [0x00000000c0000000, 0x0000000100000000)
  region size 1024K, 22 young (22528K), 22 survivors (22528K)
 Metaspace       used 10477K, committed 10752K, reserved 1114112K
  class space    used 1324K, committed 1472K, reserved 1048576K
}
Event: 3.474 GC heap before
{Heap before GC invocations=10 (full 0):
 garbage-first heap   total 416768K, used 343552K [0x00000000c0000000, 0x0000000100000000)
  region size 1024K, 150 young (153600K), 22 survivors (22528K)
 Metaspace       used 13120K, committed 13440K, reserved 1114112K
  class space    used 1691K, committed 1856K, reserved 1048576K
}
Event: 3.495 GC heap after
{Heap after GC invocations=11 (full 0):
 garbage-first heap   total 416768K, used 242688K [0x00000000c0000000, 0x0000000100000000)
  region size 1024K, 19 young (19456K), 19 survivors (19456K)
 Metaspace       used 13120K, committed 13440K, reserved 1114112K
  class space    used 1691K, committed 1856K, reserved 1048576K
}
Event: 3.661 GC heap before
{Heap before GC invocations=11 (full 0):
 garbage-first heap   total 416768K, used 356352K [0x00000000c0000000, 0x0000000100000000)
  region size 1024K, 129 young (132096K), 19 survivors (19456K)
 Metaspace       used 13160K, committed 13568K, reserved 1114112K
  class space    used 1674K, committed 1856K, reserved 1048576K
}
Event: 3.681 GC heap after
{Heap after GC invocations=12 (full 0):
 garbage-first heap   total 416768K, used 270336K [0x00000000c0000000, 0x0000000100000000)
  region size 1024K, 17 young (17408K), 17 survivors (17408K)
 Metaspace       used 13160K, committed 13568K, reserved 1114112K
  class space    used 1674K, committed 1856K, reserved 1048576K
}
Event: 3.790 GC heap before
{Heap before GC invocations=13 (full 0):
 garbage-first heap   total 416768K, used 365568K [0x00000000c0000000, 0x0000000100000000)
  region size 1024K, 110 young (112640K), 17 survivors (17408K)
 Metaspace       used 13161K, committed 13568K, reserved 1114112K
  class space    used 1674K, committed 1856K, reserved 1048576K
}

